<?xml version="1.0" encoding="UTF-8"?>
<!-- Generated by org.testng.reporters.JUnitXMLReporter -->
<testsuite ignored="3" hostname="HCAH-L-PG02FMZX" failures="0" tests="5" name="Regression TCs" time="4.525" errors="0" timestamp="2023-08-21T13:34:17 IST">
  <testcase classname="cgLeadAndOrder_TCs.TC_CGLeadCreate" name="VerifyCGLeadCreateWithValidPayload" time="1.828"/>
  <testcase classname="cgLeadAndOrder_TCs.TC_CGGetPackageList" name="getCGPackageList" time="0.866"/>
  <testcase classname="cgLeadAndOrder_TCs.TC_CGGetServiceDaysList" name="GetCGServiceDaysList" time="0.644"/>
  <testcase classname="cgLeadAndOrder_TCs.TC_CGOrderCreate" name="CreateCGLeadWithValidPayload" time="0.555"/>
  <testcase classname="cgLeadAndOrder_TCs.TC_CGOrderCreate" name="CreateCGOrderWithValidPayload" time="0.29"/>
  <testcase classname="baseTest.BaseTest" name="@BeforeSuite baseTest" time="0.0">
    <ignored/>
  </testcase> <!-- @BeforeSuite baseTest -->
  <testcase classname="baseTest.BaseTest" name="@BeforeSuite baseTest" time="0.0">
    <ignored/>
  </testcase> <!-- @BeforeSuite baseTest -->
  <testcase classname="baseTest.BaseTest" name="@BeforeSuite baseTest" time="0.0">
    <ignored/>
  </testcase> <!-- @BeforeSuite baseTest -->
</testsuite> <!-- Regression TCs -->
