<?xml version="1.0" encoding="UTF-8"?>
<testng-results ignored="0" total="4" passed="4" failed="0" skipped="0">
  <reporter-output>
  </reporter-output>
  <suite started-at="2023-08-29T19:42:41 IST" name="Default suite" finished-at="2023-08-29T19:42:46 IST" duration-ms="5359">
    <groups>
    </groups>
    <test started-at="2023-08-29T19:42:41 IST" name="Default test" finished-at="2023-08-29T19:42:46 IST" duration-ms="5359">
      <class name="physioLeadAndOrder_TCs.TC_ServiceAvailableDates">
        <test-method is-config="true" signature="baseTest()[pri:0, instance:physioLeadAndOrder_TCs.TC_ServiceAvailableDates@30af5b6b]" started-at="2023-08-29T19:42:40 IST" name="baseTest" finished-at="2023-08-29T19:42:41 IST" duration-ms="543" status="PASS">
          <reporter-output>
          </reporter-output>
        </test-method> <!-- baseTest -->
        <test-method signature="getPhysioServiceDaysList(java.util.HashMap)[pri:1, instance:physioLeadAndOrder_TCs.TC_ServiceAvailableDates@30af5b6b]" started-at="2023-08-29T19:42:41 IST" name="getPhysioServiceDaysList" data-provider="PhysioLeadCreateValidPayload" finished-at="2023-08-29T19:42:43 IST" duration-ms="2439" status="PASS">
          <params>
            <param index="0">
              <value>
                <![CDATA[{name=Avinash Test Lead, mobile=8146630667, location=Bangalore, source=Website, service_tag=Physiotherapy}]]>
              </value>
            </param>
          </params>
          <reporter-output>
          </reporter-output>
        </test-method> <!-- getPhysioServiceDaysList -->
        <test-method signature="getPhysioAvailableSlots(java.util.HashMap)[pri:2, instance:physioLeadAndOrder_TCs.TC_ServiceAvailableDates@30af5b6b]" started-at="2023-08-29T19:42:43 IST" name="getPhysioAvailableSlots" data-provider="PhysioAvailableSlots" finished-at="2023-08-29T19:42:44 IST" duration-ms="1010" status="PASS">
          <params>
            <param index="0">
              <value>
                <![CDATA[{date=2023-08-22, is_web=1, service_id=14, type=call, lead_id=ElK0, city_id=343}]]>
              </value>
            </param>
          </params>
          <reporter-output>
          </reporter-output>
        </test-method> <!-- getPhysioAvailableSlots -->
        <test-method signature="getAvailablePhysioList(java.util.HashMap)[pri:3, instance:physioLeadAndOrder_TCs.TC_ServiceAvailableDates@30af5b6b]" started-at="2023-08-29T19:42:44 IST" name="getAvailablePhysioList" data-provider="PhysioAvailabiltyPayload" finished-at="2023-08-29T19:42:45 IST" duration-ms="704" status="PASS">
          <params>
            <param index="0">
              <value>
                <![CDATA[{date=2023-08-29, is_web=1, slot_id=1, service_id=14, lead_id=nxPE, city_id=343}]]>
              </value>
            </param>
          </params>
          <reporter-output>
          </reporter-output>
        </test-method> <!-- getAvailablePhysioList -->
        <test-method signature="CreatePhysioOrderWithValidPayload(java.util.HashMap)[pri:4, instance:physioLeadAndOrder_TCs.TC_ServiceAvailableDates@30af5b6b]" started-at="2023-08-29T19:42:45 IST" name="CreatePhysioOrderWithValidPayload" data-provider="PhysioOrderCreateValidPayload" finished-at="2023-08-29T19:42:46 IST" duration-ms="824" status="PASS">
          <params>
            <param index="0">
              <value>
                <![CDATA[{is_web=1, lead_id=nxPE, service_id=14, extra={date=2023-08-31, id=69049, master_slot_id=1, amount=249, slot_id=5353}, city_id=343}]]>
              </value>
            </param>
          </params>
          <reporter-output>
          </reporter-output>
        </test-method> <!-- CreatePhysioOrderWithValidPayload -->
      </class> <!-- physioLeadAndOrder_TCs.TC_ServiceAvailableDates -->
    </test> <!-- Default test -->
  </suite> <!-- Default suite -->
</testng-results>
